Using pre-set license
Built from '2020.3/staging' branch; Version is '2020.3.4f1 (0abb6314276a) revision 703331'; Using compiler version '192528614'; Build Type 'Release'
OS: 'Windows 10 Home; OS build 19042.1110; Version 2009; 64bit' Language: 'es' Physical Memory: 16304 MB
BatchMode: 1, IsHumanControllingUs: 0, StartBugReporterOnCrash: 0, Is64bit: 1, IsPro: 0

 COMMAND LINE ARGUMENTS:
C:\Program Files\Unity\Hub\Editor\2020.3.4f1\Editor\Unity.exe
-adb2
-batchMode
-noUpm
-name
AssetImportWorker0
-projectPath
D:/GitRepos/TriMod
-logFile
Logs/AssetImportWorker0.log
-srvPort
57444
Successfully changed project path to: D:/GitRepos/TriMod
D:/GitRepos/TriMod
Using Asset Import Pipeline V2.
Refreshing native plugins compatible for Editor in 33.18 ms, found 0 plugins.
Preloading 0 native plugins for Editor in 0.00 ms.
Initialize engine version: 2020.3.4f1 (0abb6314276a)
[Subsystems] Discovering subsystems at path C:/Program Files/Unity/Hub/Editor/2020.3.4f1/Editor/Data/Resources/UnitySubsystems
[Subsystems] Discovering subsystems at path D:/GitRepos/TriMod/Assets
GfxDevice: creating device client; threaded=0
Direct3D:
    Version:  Direct3D 11.0 [level 11.1]
    Renderer: NVIDIA GeForce GTX 1060 3GB (ID=0x1c02)
    Vendor:   
    VRAM:     2988 MB
    Driver:   27.21.14.6172
Initialize mono
Mono path[0] = 'C:/Program Files/Unity/Hub/Editor/2020.3.4f1/Editor/Data/Managed'
Mono path[1] = 'C:/Program Files/Unity/Hub/Editor/2020.3.4f1/Editor/Data/MonoBleedingEdge/lib/mono/unityjit'
Mono config path = 'C:/Program Files/Unity/Hub/Editor/2020.3.4f1/Editor/Data/MonoBleedingEdge/etc'
Using monoOptions --debugger-agent=transport=dt_socket,embedding=1,server=y,suspend=n,address=127.0.0.1:56000
Begin MonoManager ReloadAssembly
Registering precompiled unity dll's ...
Register platform support module: C:/Program Files/Unity/Hub/Editor/2020.3.4f1/Editor/Data/PlaybackEngines/WindowsStandaloneSupport/UnityEditor.WindowsStandalone.Extensions.dll
Registered in 0.002795 seconds.
Native extension for WindowsStandalone target not found
Refreshing native plugins compatible for Editor in 26.63 ms, found 0 plugins.
Preloading 0 native plugins for Editor in 0.00 ms.
Mono: successfully reloaded assembly
- Completed reload, in  1.391 seconds
Platform modules already initialized, skipping
Registering precompiled user dll's ...
Registered in 0.000823 seconds.
Begin MonoManager ReloadAssembly
Native extension for WindowsStandalone target not found
Refreshing native plugins compatible for Editor in 0.33 ms, found 0 plugins.
Preloading 0 native plugins for Editor in 0.00 ms.
Mono: successfully reloaded assembly
- Completed reload, in  1.082 seconds
Platform modules already initialized, skipping
========================================================================
Worker process is ready to serve import requests
Launched and connected shader compiler UnityShaderCompiler.exe after 0.12 seconds
Refreshing native plugins compatible for Editor in 0.23 ms, found 0 plugins.
Preloading 0 native plugins for Editor in 0.00 ms.
Unloading 1115 Unused Serialized files (Serialized files now loaded: 0)
System memory in use before: 57.1 MB.
System memory in use after: 57.1 MB.

Unloading 10 unused Assets to reduce memory usage. Loaded Objects now: 1557.
Total: 2.834600 ms (FindLiveObjects: 0.520900 ms CreateObjectMapping: 0.117400 ms MarkObjects: 2.069100 ms  DeleteObjects: 0.125500 ms)

========================================================================
Received Import Request.
  path: Assets/Scenes
  artifactKey: Guid(0fd22048488315349afe18c5bc0c9be7) Importer(815301076,1909f56bfc062723c751e8b465ee728b)
Start importing Assets/Scenes using Guid(0fd22048488315349afe18c5bc0c9be7) Importer(815301076,1909f56bfc062723c751e8b465ee728b)  -> (artifact id: 'fb0b5c0f1866675f907f67b3558b5999') in 0.012815 seconds
  Import took 0.029318 seconds .

========================================================================
Received Import Request.
  Time since last request: 0.000285 seconds.
  path: Assets
  artifactKey: Guid(00000000000000001000000000000000) Importer(815301076,1909f56bfc062723c751e8b465ee728b)
Start importing Assets using Guid(00000000000000001000000000000000) Importer(815301076,1909f56bfc062723c751e8b465ee728b)  -> (artifact id: '025e4f587c23674256bb898581e82961') in 0.008943 seconds
  Import took 0.015470 seconds .

========================================================================
Received Import Request.
  Time since last request: 351.653144 seconds.
  path: Assets/FantasyEnvironments
  artifactKey: Guid(06dc6464f0a12a54bb9f5a0bd15cc399) Importer(815301076,1909f56bfc062723c751e8b465ee728b)
Start importing Assets/FantasyEnvironments using Guid(06dc6464f0a12a54bb9f5a0bd15cc399) Importer(815301076,1909f56bfc062723c751e8b465ee728b)  -> (artifact id: '8289273cb2ff313c99f739b4584a2649') in 0.011810 seconds
  Import took 0.025945 seconds .

========================================================================
Received Import Request.
  Time since last request: 1.921320 seconds.
  path: Assets/FantasyEnvironments/Environments
  artifactKey: Guid(b65037222b1418248ad5e3d35bf81d24) Importer(815301076,1909f56bfc062723c751e8b465ee728b)
Start importing Assets/FantasyEnvironments/Environments using Guid(b65037222b1418248ad5e3d35bf81d24) Importer(815301076,1909f56bfc062723c751e8b465ee728b)  -> (artifact id: 'a05f3f21c71dd219d44b23b1cc9fd7c7') in 0.009522 seconds
  Import took 0.011842 seconds .

========================================================================
Received Import Request.
  Time since last request: 0.236448 seconds.
  path: Assets/FantasyEnvironments/Environments/Terrain.asset
  artifactKey: Guid(8ee04e1f17f7f5549acabd4c8d8a68c4) Importer(815301076,1909f56bfc062723c751e8b465ee728b)
Start importing Assets/FantasyEnvironments/Environments/Terrain.asset using Guid(8ee04e1f17f7f5549acabd4c8d8a68c4) Importer(815301076,1909f56bfc062723c751e8b465ee728b)  -> (artifact id: 'f705e9de82e25037faf023350ace224d') in 0.275195 seconds
  Import took 0.280324 seconds .

========================================================================
Received Import Request.
  Time since last request: 0.061187 seconds.
  path: Assets/FantasyEnvironments/Environments/Ambient-Occlusion-Trees
  artifactKey: Guid(4e76dcc3a830acc4797d7d7b17ab17e2) Importer(815301076,1909f56bfc062723c751e8b465ee728b)
Start importing Assets/FantasyEnvironments/Environments/Ambient-Occlusion-Trees using Guid(4e76dcc3a830acc4797d7d7b17ab17e2) Importer(815301076,1909f56bfc062723c751e8b465ee728b)  -> (artifact id: '9350032801d8191ffb180a140b670399') in 0.009041 seconds
  Import took 0.022298 seconds .

========================================================================
Received Import Request.
  Time since last request: 2.194890 seconds.
  path: Assets/FantasyEnvironments/Environments/Textures
  artifactKey: Guid(92bdf72aca8982345bca35908ec88847) Importer(815301076,1909f56bfc062723c751e8b465ee728b)
Start importing Assets/FantasyEnvironments/Environments/Textures using Guid(92bdf72aca8982345bca35908ec88847) Importer(815301076,1909f56bfc062723c751e8b465ee728b)  -> (artifact id: '887263a6c68d82a3ba6ce7dac8742af5') in 0.009563 seconds
  Import took 0.012274 seconds .

========================================================================
Received Import Request.
  Time since last request: 0.241412 seconds.
  path: Assets/FantasyEnvironments/Environments/Textures/ground_grass.tga
  artifactKey: Guid(aab4ce53d0c651344a601f5344c53a32) Importer(815301076,1909f56bfc062723c751e8b465ee728b)
Start importing Assets/FantasyEnvironments/Environments/Textures/ground_grass.tga using Guid(aab4ce53d0c651344a601f5344c53a32) Importer(815301076,1909f56bfc062723c751e8b465ee728b)  -> (artifact id: '4f22e4545295a5773798e8176ad33bf4') in 0.021458 seconds
  Import took 0.024203 seconds .

========================================================================
Received Import Request.
  Time since last request: 0.000292 seconds.
  path: Assets/FantasyEnvironments/Environments/Textures/ground_road.tga
  artifactKey: Guid(39e424b8c7b659e4d8c792f40deccbf2) Importer(815301076,1909f56bfc062723c751e8b465ee728b)
Start importing Assets/FantasyEnvironments/Environments/Textures/ground_road.tga using Guid(39e424b8c7b659e4d8c792f40deccbf2) Importer(815301076,1909f56bfc062723c751e8b465ee728b)  -> (artifact id: 'e5552c2bbf21628f8f6426ca99d3b6b1') in 0.016983 seconds
  Import took 0.034013 seconds .

========================================================================
Received Import Request.
  Time since last request: 0.000299 seconds.
  path: Assets/FantasyEnvironments/Environments/Textures/Plant.tga
  artifactKey: Guid(4ed602243d46b7042bf79ef54616ebf3) Importer(815301076,1909f56bfc062723c751e8b465ee728b)
Start importing Assets/FantasyEnvironments/Environments/Textures/Plant.tga using Guid(4ed602243d46b7042bf79ef54616ebf3) Importer(815301076,1909f56bfc062723c751e8b465ee728b)  -> (artifact id: '13eb6f5d6b56ac14fe38acb1a31df58f') in 0.016314 seconds
  Import took 0.018720 seconds .

========================================================================
Received Import Request.
  Time since last request: 0.000458 seconds.
  path: Assets/FantasyEnvironments/Environments/Textures/Rock1.tga
  artifactKey: Guid(581c268c4d271934b96596d532a0a604) Importer(815301076,1909f56bfc062723c751e8b465ee728b)
Start importing Assets/FantasyEnvironments/Environments/Textures/Rock1.tga using Guid(581c268c4d271934b96596d532a0a604) Importer(815301076,1909f56bfc062723c751e8b465ee728b)  -> (artifact id: '5592651134b902f77709db9e4b9afa74') in 0.014018 seconds
  Import took 0.023682 seconds .

========================================================================
Received Import Request.
  Time since last request: 5.252858 seconds.
  path: Assets/FantasyEnvironments/Environments/Textures/_TerrainAutoUpgrade
  artifactKey: Guid(4acbfd84bbe00ff41b8ded8aaafb04aa) Importer(815301076,1909f56bfc062723c751e8b465ee728b)
Start importing Assets/FantasyEnvironments/Environments/Textures/_TerrainAutoUpgrade using Guid(4acbfd84bbe00ff41b8ded8aaafb04aa) Importer(815301076,1909f56bfc062723c751e8b465ee728b)  -> (artifact id: '2d9ddf03050d49756d149e30f2ccd2a7') in 0.012879 seconds
  Import took 0.037629 seconds .

========================================================================
Received Import Request.
  Time since last request: 0.612499 seconds.
  path: Assets/FantasyEnvironments/Environments/Textures/_TerrainAutoUpgrade/layer_ground_grasscd2d2d038030d602.terrainlayer
  artifactKey: Guid(3ea7607a4748109479f02a95f1992998) Importer(815301076,1909f56bfc062723c751e8b465ee728b)
Start importing Assets/FantasyEnvironments/Environments/Textures/_TerrainAutoUpgrade/layer_ground_grasscd2d2d038030d602.terrainlayer using Guid(3ea7607a4748109479f02a95f1992998) Importer(815301076,1909f56bfc062723c751e8b465ee728b)  -> (artifact id: '73fdc622dbbfa04f1335b21bccdb8f8b') in 0.057515 seconds
  Import took 0.059857 seconds .

========================================================================
Received Import Request.
  Time since last request: 0.000324 seconds.
  path: Assets/FantasyEnvironments/Environments/Textures/_TerrainAutoUpgrade/layer_ground_roadcd2d2d038030d602.terrainlayer
  artifactKey: Guid(4ddd81448660a664692ea37a97f4e590) Importer(815301076,1909f56bfc062723c751e8b465ee728b)
Start importing Assets/FantasyEnvironments/Environments/Textures/_TerrainAutoUpgrade/layer_ground_roadcd2d2d038030d602.terrainlayer using Guid(4ddd81448660a664692ea37a97f4e590) Importer(815301076,1909f56bfc062723c751e8b465ee728b)  -> (artifact id: 'c09a9301ca26710ecfc9d6266c72d636') in 0.012741 seconds
  Import took 0.014670 seconds .

========================================================================
Received Import Request.
  Time since last request: 14.561179 seconds.
  path: Assets/FantasyEnvironments/Environments/Prefabs
  artifactKey: Guid(ef07e65e41d5b9643a6fed8822f68b6d) Importer(815301076,1909f56bfc062723c751e8b465ee728b)
Start importing Assets/FantasyEnvironments/Environments/Prefabs using Guid(ef07e65e41d5b9643a6fed8822f68b6d) Importer(815301076,1909f56bfc062723c751e8b465ee728b)  -> (artifact id: 'f553f2e8a6c80d507802e5ca69ae76db') in 0.009243 seconds
  Import took 0.011624 seconds .

========================================================================
Received Import Request.
  Time since last request: 0.814210 seconds.
  path: Assets/FantasyEnvironments/Environments/Prefabs/Flower1.prefab
  artifactKey: Guid(092dfbd1d1f007a448a41cded731f699) Importer(815301076,1909f56bfc062723c751e8b465ee728b)
Start importing Assets/FantasyEnvironments/Environments/Prefabs/Flower1.prefab using Guid(092dfbd1d1f007a448a41cded731f699) Importer(815301076,1909f56bfc062723c751e8b465ee728b)  -> (artifact id: '2510dc8083f9959892aecd44112f4122') in 0.303205 seconds
  Import took 0.305662 seconds .

========================================================================
Received Import Request.
  Time since last request: 0.000411 seconds.
  path: Assets/FantasyEnvironments/Environments/Prefabs/Flower2.prefab
  artifactKey: Guid(9c47d3ce2208e9440ab03e7fe3e32bcf) Importer(815301076,1909f56bfc062723c751e8b465ee728b)
Start importing Assets/FantasyEnvironments/Environments/Prefabs/Flower2.prefab using Guid(9c47d3ce2208e9440ab03e7fe3e32bcf) Importer(815301076,1909f56bfc062723c751e8b465ee728b)  -> (artifact id: '5d91f91880790a6904853f0509478825') in 0.016103 seconds
  Import took 0.018244 seconds .

========================================================================
Received Import Request.
  Time since last request: 0.000309 seconds.
  path: Assets/FantasyEnvironments/Environments/Prefabs/Grass1.prefab
  artifactKey: Guid(a022b6294d5967e499a6638d8af5a54a) Importer(815301076,1909f56bfc062723c751e8b465ee728b)
Start importing Assets/FantasyEnvironments/Environments/Prefabs/Grass1.prefab using Guid(a022b6294d5967e499a6638d8af5a54a) Importer(815301076,1909f56bfc062723c751e8b465ee728b)  -> (artifact id: 'd34aedc4d5ce83a32a07ef30e8ecb12f') in 0.015744 seconds
  Import took 0.018031 seconds .

========================================================================
Received Import Request.
  Time since last request: 0.000307 seconds.
  path: Assets/FantasyEnvironments/Environments/Prefabs/Mushroom1.prefab
  artifactKey: Guid(dea84a3662be77b4bad1db42d2b32262) Importer(815301076,1909f56bfc062723c751e8b465ee728b)
Start importing Assets/FantasyEnvironments/Environments/Prefabs/Mushroom1.prefab using Guid(dea84a3662be77b4bad1db42d2b32262) Importer(815301076,1909f56bfc062723c751e8b465ee728b)  -> (artifact id: '9948de3945de225306eea34a0da81fec') in 0.016698 seconds
  Import took 0.019077 seconds .

========================================================================
Received Import Request.
  Time since last request: 0.000394 seconds.
  path: Assets/FantasyEnvironments/Environments/Prefabs/Rock1.prefab
  artifactKey: Guid(c07f24e35f07ce74ba43afa35d48adf7) Importer(815301076,1909f56bfc062723c751e8b465ee728b)
Start importing Assets/FantasyEnvironments/Environments/Prefabs/Rock1.prefab using Guid(c07f24e35f07ce74ba43afa35d48adf7) Importer(815301076,1909f56bfc062723c751e8b465ee728b)  -> (artifact id: 'f447daeeb881fb4d2b9e127224f10bb5') in 0.281540 seconds
  Import took 0.283682 seconds .

========================================================================
Received Import Request.
  Time since last request: 131.733490 seconds.
  path: Assets/Ground textures pack
  artifactKey: Guid(9df610129ae391d4784394b478d26576) Importer(815301076,1909f56bfc062723c751e8b465ee728b)
Start importing Assets/Ground textures pack using Guid(9df610129ae391d4784394b478d26576) Importer(815301076,1909f56bfc062723c751e8b465ee728b)  -> (artifact id: '3a1bd189da2280333a8a2504f7e5c57c') in 0.009534 seconds
  Import took 0.012484 seconds .

========================================================================
Received Import Request.
  Time since last request: 0.792242 seconds.
  path: Assets/Ground textures pack/Grass & dead leafs 01
  artifactKey: Guid(cf53119e9fdaf2a47b6425baab1740bb) Importer(815301076,1909f56bfc062723c751e8b465ee728b)
Start importing Assets/Ground textures pack/Grass & dead leafs 01 using Guid(cf53119e9fdaf2a47b6425baab1740bb) Importer(815301076,1909f56bfc062723c751e8b465ee728b)  -> (artifact id: '761d60010198a8032a91e5d1f917cab0') in 0.009128 seconds
  Import took 0.011123 seconds .

========================================================================
Received Import Request.
  Time since last request: 1.431177 seconds.
  path: Assets/Ground textures pack/Grass & dead leafs 01/diffuse.tga
  artifactKey: Guid(46c9b2c471a59f24cbe88eae93a32f60) Importer(815301076,1909f56bfc062723c751e8b465ee728b)
Start importing Assets/Ground textures pack/Grass & dead leafs 01/diffuse.tga using Guid(46c9b2c471a59f24cbe88eae93a32f60) Importer(815301076,1909f56bfc062723c751e8b465ee728b)  -> (artifact id: 'e74c97c20e1b6753b7e6c0cd09634b3d') in 0.015027 seconds
  Import took 0.017437 seconds .

========================================================================
Received Import Request.
  Time since last request: 0.000358 seconds.
  path: Assets/Ground textures pack/Grass & dead leafs 01/normal.tga
  artifactKey: Guid(ae0e7acc3616ba441a70994eb662f6e3) Importer(815301076,1909f56bfc062723c751e8b465ee728b)
Start importing Assets/Ground textures pack/Grass & dead leafs 01/normal.tga using Guid(ae0e7acc3616ba441a70994eb662f6e3) Importer(815301076,1909f56bfc062723c751e8b465ee728b)  -> (artifact id: '56b235bf67f837286fda4a909fb589b8') in 0.018064 seconds
  Import took 0.020122 seconds .

========================================================================
Received Import Request.
  Time since last request: 0.000395 seconds.
  path: Assets/Ground textures pack/Grass & dead leafs 01/Grass & dead leafs pattern 01.mat
  artifactKey: Guid(893960384de673345a82517892b28bc7) Importer(815301076,1909f56bfc062723c751e8b465ee728b)
Start importing Assets/Ground textures pack/Grass & dead leafs 01/Grass & dead leafs pattern 01.mat using Guid(893960384de673345a82517892b28bc7) Importer(815301076,1909f56bfc062723c751e8b465ee728b)  -> (artifact id: '2071414f05333ee8f9bcfcbca02ce11c') in 0.227856 seconds
  Import took 0.230069 seconds .

========================================================================
Received Import Request.
  Time since last request: 0.000380 seconds.
  path: Assets/Ground textures pack/Grass & dead leafs 01/preview.jpg
  artifactKey: Guid(9f425c22a471a47459e192cb7dafd4c5) Importer(815301076,1909f56bfc062723c751e8b465ee728b)
Start importing Assets/Ground textures pack/Grass & dead leafs 01/preview.jpg using Guid(9f425c22a471a47459e192cb7dafd4c5) Importer(815301076,1909f56bfc062723c751e8b465ee728b)  -> (artifact id: '7946111456468a80f5f93a5ee25e26b9') in 0.184663 seconds
  Import took 0.186598 seconds .

========================================================================
Received Import Request.
  Time since last request: 17.550456 seconds.
  path: Assets/Ground textures pack/Grass & dead leafs 02
  artifactKey: Guid(e8a33dac820cd36409e9a7304e3d8dc4) Importer(815301076,1909f56bfc062723c751e8b465ee728b)
Start importing Assets/Ground textures pack/Grass & dead leafs 02 using Guid(e8a33dac820cd36409e9a7304e3d8dc4) Importer(815301076,1909f56bfc062723c751e8b465ee728b)  -> (artifact id: 'fc64c40581af468729d6956f4b185075') in 0.009595 seconds
  Import took 0.011792 seconds .

========================================================================
Received Import Request.
  Time since last request: 0.912429 seconds.
  path: Assets/Ground textures pack/Grass & dead leafs 02/diffuse.tga
  artifactKey: Guid(f77d739839b967e44898c8a89688369a) Importer(815301076,1909f56bfc062723c751e8b465ee728b)
Start importing Assets/Ground textures pack/Grass & dead leafs 02/diffuse.tga using Guid(f77d739839b967e44898c8a89688369a) Importer(815301076,1909f56bfc062723c751e8b465ee728b)  -> (artifact id: 'b8af70b7b23c12dbe7af0ebd74a9ee5b') in 0.018724 seconds
  Import took 0.021557 seconds .

========================================================================
Received Import Request.
  Time since last request: 0.000358 seconds.
  path: Assets/Ground textures pack/Grass & dead leafs 02/normal.tga
  artifactKey: Guid(0c64d261e58031345b9844438ceb0af9) Importer(815301076,1909f56bfc062723c751e8b465ee728b)
Start importing Assets/Ground textures pack/Grass & dead leafs 02/normal.tga using Guid(0c64d261e58031345b9844438ceb0af9) Importer(815301076,1909f56bfc062723c751e8b465ee728b)  -> (artifact id: 'c462a059ba115ffcbda5ccec1a3ce1ca') in 0.021224 seconds
  Import took 0.023971 seconds .

========================================================================
Received Import Request.
  Time since last request: 0.000259 seconds.
  path: Assets/Ground textures pack/Grass & dead leafs 02/preview.jpg
  artifactKey: Guid(a9151bfe4152f2748846a0fa52b216be) Importer(815301076,1909f56bfc062723c751e8b465ee728b)
Start importing Assets/Ground textures pack/Grass & dead leafs 02/preview.jpg using Guid(a9151bfe4152f2748846a0fa52b216be) Importer(815301076,1909f56bfc062723c751e8b465ee728b)  -> (artifact id: 'c666d9dabf1f4b32024eb01e40e08798') in 0.012931 seconds
  Import took 0.015426 seconds .

========================================================================
Received Import Request.
  Time since last request: 0.000324 seconds.
  path: Assets/Ground textures pack/Grass & dead leafs 02/Grass & dead leafs pattern 02.mat
  artifactKey: Guid(020b997e4fa23c74297e208cd649319c) Importer(815301076,1909f56bfc062723c751e8b465ee728b)
Start importing Assets/Ground textures pack/Grass & dead leafs 02/Grass & dead leafs pattern 02.mat using Guid(020b997e4fa23c74297e208cd649319c) Importer(815301076,1909f56bfc062723c751e8b465ee728b)  -> (artifact id: '62a90e03e9b8b5354215ff359264e151') in 0.163551 seconds
  Import took 0.165519 seconds .

========================================================================
Received Prepare
Registering precompiled user dll's ...
Registered in 0.000884 seconds.
Begin MonoManager ReloadAssembly
Native extension for WindowsStandalone target not found
Refreshing native plugins compatible for Editor in 0.33 ms, found 0 plugins.
Preloading 0 native plugins for Editor in 0.00 ms.
Mono: successfully reloaded assembly
- Completed reload, in  0.899 seconds
Platform modules already initialized, skipping
Refreshing native plugins compatible for Editor in 0.25 ms, found 0 plugins.
Preloading 0 native plugins for Editor in 0.00 ms.
Unloading 1111 Unused Serialized files (Serialized files now loaded: 0)
System memory in use before: 63.6 MB.
System memory in use after: 63.1 MB.

Unloading 7 unused Assets to reduce memory usage. Loaded Objects now: 1617.
Total: 2.715500 ms (FindLiveObjects: 0.175000 ms CreateObjectMapping: 0.035000 ms MarkObjects: 1.894600 ms  DeleteObjects: 0.609400 ms)

========================================================================
Received Import Request.
  Time since last request: 112.583972 seconds.
  path: Assets/LushkinR
  artifactKey: Guid(3c3f0a33433b8a84c934ec393880015c) Importer(815301076,1909f56bfc062723c751e8b465ee728b)
Start importing Assets/LushkinR using Guid(3c3f0a33433b8a84c934ec393880015c) Importer(815301076,1909f56bfc062723c751e8b465ee728b)  -> (artifact id: '30bc18009e8a29290f210c8de0ca78f9') in 0.010368 seconds
  Import took 0.012866 seconds .

========================================================================
Received Import Request.
  Time since last request: 2.578950 seconds.
  path: Assets/LushkinR/Scripts
  artifactKey: Guid(02a3527b6b33a924e8ec66aa805ea717) Importer(815301076,1909f56bfc062723c751e8b465ee728b)
Start importing Assets/LushkinR/Scripts using Guid(02a3527b6b33a924e8ec66aa805ea717) Importer(815301076,1909f56bfc062723c751e8b465ee728b)  -> (artifact id: 'e770a7108101aab76c292659c82131fc') in 0.008896 seconds
  Import took 0.011326 seconds .

========================================================================
Received Import Request.
  Time since last request: 1.300519 seconds.
  path: Assets/LushkinR/Materials
  artifactKey: Guid(d0234ba368eeec9418390da711bfdad0) Importer(815301076,1909f56bfc062723c751e8b465ee728b)
Start importing Assets/LushkinR/Materials using Guid(d0234ba368eeec9418390da711bfdad0) Importer(815301076,1909f56bfc062723c751e8b465ee728b)  -> (artifact id: '95c27122429fe0f26703070d8b30c3ee') in 0.008464 seconds
  Import took 0.013419 seconds .

========================================================================
Received Import Request.
  Time since last request: 0.046560 seconds.
  path: Assets/LushkinR/Materials/OrthographicFogMaterial.mat
  artifactKey: Guid(7182ef9280dde214bbab764c936192e6) Importer(815301076,1909f56bfc062723c751e8b465ee728b)
Start importing Assets/LushkinR/Materials/OrthographicFogMaterial.mat using Guid(7182ef9280dde214bbab764c936192e6) Importer(815301076,1909f56bfc062723c751e8b465ee728b)  -> (artifact id: 'c964ab09eeedb88a5b6c672cfb46f478') in 0.067825 seconds
  Import took 0.070158 seconds .

========================================================================
Received Import Request.
  Time since last request: 0.000306 seconds.
  path: Assets/LushkinR/Materials/PerspectiveFogMaterial.mat
  artifactKey: Guid(386ab7cd10e9af247b99f7d02c51d511) Importer(815301076,1909f56bfc062723c751e8b465ee728b)
Start importing Assets/LushkinR/Materials/PerspectiveFogMaterial.mat using Guid(386ab7cd10e9af247b99f7d02c51d511) Importer(815301076,1909f56bfc062723c751e8b465ee728b)  -> (artifact id: '168cd2bcf3fe920ebe7d0640e74a8aed') in 0.012913 seconds
  Import took 0.015022 seconds .

========================================================================
Received Import Request.
  Time since last request: 0.000327 seconds.
  path: Assets/LushkinR/Materials/Skybox_Mat.mat
  artifactKey: Guid(0ffaa0b7117ba8c47a9d05ae701d4b4d) Importer(815301076,1909f56bfc062723c751e8b465ee728b)
Start importing Assets/LushkinR/Materials/Skybox_Mat.mat using Guid(0ffaa0b7117ba8c47a9d05ae701d4b4d) Importer(815301076,1909f56bfc062723c751e8b465ee728b)  -> (artifact id: 'ce1dd7056b8215de35722708135ea966') in 0.112361 seconds
  Import took 0.114377 seconds .

========================================================================
Received Import Request.
  Time since last request: 7.012515 seconds.
  path: Assets/LushkinR/Shaders
  artifactKey: Guid(0cb4ee0d4c304d54f9fd4ba746bc3900) Importer(815301076,1909f56bfc062723c751e8b465ee728b)
Start importing Assets/LushkinR/Shaders using Guid(0cb4ee0d4c304d54f9fd4ba746bc3900) Importer(815301076,1909f56bfc062723c751e8b465ee728b)  -> (artifact id: '16e58093dea2dde666f78fa9123e60ab') in 0.010273 seconds
  Import took 0.012273 seconds .

========================================================================
Received Import Request.
  Time since last request: 6.945238 seconds.
  path: Assets/LushkinR/Demo
  artifactKey: Guid(221a0c673b33a2247adc81bf228427a2) Importer(815301076,1909f56bfc062723c751e8b465ee728b)
Start importing Assets/LushkinR/Demo using Guid(221a0c673b33a2247adc81bf228427a2) Importer(815301076,1909f56bfc062723c751e8b465ee728b)  -> (artifact id: 'b2e0c5ae583e86bd4d86a8f84611b539') in 0.008446 seconds
  Import took 0.010734 seconds .

========================================================================
Received Import Request.
  Time since last request: 0.934014 seconds.
  path: Assets/LushkinR/Demo/OrthographicScene.unity
  artifactKey: Guid(38af1b1900528bf44876e29cd7307f70) Importer(815301076,1909f56bfc062723c751e8b465ee728b)
Start importing Assets/LushkinR/Demo/OrthographicScene.unity using Guid(38af1b1900528bf44876e29cd7307f70) Importer(815301076,1909f56bfc062723c751e8b465ee728b)  -> (artifact id: '327ee4c5dc233a6bdcc461782797250d') in 0.008976 seconds
  Import took 0.011106 seconds .

========================================================================
Received Import Request.
  Time since last request: 0.858757 seconds.
  path: Assets/LushkinR/Demo/PerspectiveScene.unity
  artifactKey: Guid(3869a5f35b887134e965a710cd70734d) Importer(815301076,1909f56bfc062723c751e8b465ee728b)
Start importing Assets/LushkinR/Demo/PerspectiveScene.unity using Guid(3869a5f35b887134e965a710cd70734d) Importer(815301076,1909f56bfc062723c751e8b465ee728b)  -> (artifact id: '15c3d6dd9905d5207fb3415210a87068') in 0.010703 seconds
  Import took 0.012951 seconds .

========================================================================
Received Import Request.
  Time since last request: 49.347627 seconds.
  path: Assets/Scenes/SampleScene.unity
  artifactKey: Guid(9fc0d4010bbf28b4594072e72b8655ab) Importer(815301076,1909f56bfc062723c751e8b465ee728b)
Start importing Assets/Scenes/SampleScene.unity using Guid(9fc0d4010bbf28b4594072e72b8655ab) Importer(815301076,1909f56bfc062723c751e8b465ee728b)  -> (artifact id: '9fb42e1c9850856d456d9a2d1f054beb') in 0.012719 seconds
  Import took 0.016196 seconds .

========================================================================
Received Prepare
Registering precompiled user dll's ...
Registered in 0.000976 seconds.
Begin MonoManager ReloadAssembly
Native extension for WindowsStandalone target not found
Refreshing native plugins compatible for Editor in 0.50 ms, found 0 plugins.
Preloading 0 native plugins for Editor in 0.00 ms.
Mono: successfully reloaded assembly
- Completed reload, in  1.219 seconds
Platform modules already initialized, skipping
Refreshing native plugins compatible for Editor in 0.67 ms, found 0 plugins.
Preloading 0 native plugins for Editor in 0.00 ms.
Unloading 1111 Unused Serialized files (Serialized files now loaded: 0)
System memory in use before: 63.1 MB.
System memory in use after: 63.2 MB.

Unloading 5 unused Assets to reduce memory usage. Loaded Objects now: 1621.
Total: 2.017700 ms (FindLiveObjects: 0.265900 ms CreateObjectMapping: 0.062300 ms MarkObjects: 1.628700 ms  DeleteObjects: 0.058800 ms)

========================================================================
Received Import Request.
  Time since last request: 235.620013 seconds.
  path: Assets/Fantasy Forest Environment Free Sample
  artifactKey: Guid(0def022a4bf2ce549b47c5124ac7420e) Importer(815301076,1909f56bfc062723c751e8b465ee728b)
Start importing Assets/Fantasy Forest Environment Free Sample using Guid(0def022a4bf2ce549b47c5124ac7420e) Importer(815301076,1909f56bfc062723c751e8b465ee728b)  -> (artifact id: 'bb070d551a2f737395c6781614406ace') in 0.018082 seconds
  Import took 0.170397 seconds .

========================================================================
Received Import Request.
  Time since last request: 1.185866 seconds.
  path: Assets/Fantasy Forest Environment Free Sample/PostProcessing Profile.asset
  artifactKey: Guid(84e004e54aa75074885db0856eedb697) Importer(815301076,1909f56bfc062723c751e8b465ee728b)
Start importing Assets/Fantasy Forest Environment Free Sample/PostProcessing Profile.asset using Guid(84e004e54aa75074885db0856eedb697) Importer(815301076,1909f56bfc062723c751e8b465ee728b)  -> (artifact id: '550cd002b60d6abb4b3ab706fa4808af') in 0.011150 seconds
  Import took 0.013538 seconds .

========================================================================
Received Import Request.
  Time since last request: 1.599627 seconds.
  path: Assets/Fantasy Forest Environment Free Sample/Materials
  artifactKey: Guid(cd0f69bea45e4f84ea174419ce134ce1) Importer(815301076,1909f56bfc062723c751e8b465ee728b)
Start importing Assets/Fantasy Forest Environment Free Sample/Materials using Guid(cd0f69bea45e4f84ea174419ce134ce1) Importer(815301076,1909f56bfc062723c751e8b465ee728b)  -> (artifact id: 'b3ff836e703521f12e7dadcee8539104') in 0.006043 seconds
  Import took 0.008758 seconds .

========================================================================
Received Import Request.
  Time since last request: 3.439622 seconds.
  path: Assets/Fantasy Forest Environment Free Sample/Meshes
  artifactKey: Guid(eaaaee0f57e935647bce706f4ad8f73b) Importer(815301076,1909f56bfc062723c751e8b465ee728b)
Start importing Assets/Fantasy Forest Environment Free Sample/Meshes using Guid(eaaaee0f57e935647bce706f4ad8f73b) Importer(815301076,1909f56bfc062723c751e8b465ee728b)  -> (artifact id: 'c8b6c44e7139fe7776a2b11dea8b0b4f') in 0.008686 seconds
  Import took 0.046685 seconds .

========================================================================
Received Import Request.
  Time since last request: 0.375031 seconds.
  path: Assets/Fantasy Forest Environment Free Sample/Meshes/Source
  artifactKey: Guid(05153222d4fafb14f86e74c3f1ee4eba) Importer(815301076,1909f56bfc062723c751e8b465ee728b)
Start importing Assets/Fantasy Forest Environment Free Sample/Meshes/Source using Guid(05153222d4fafb14f86e74c3f1ee4eba) Importer(815301076,1909f56bfc062723c751e8b465ee728b)  -> (artifact id: '479997bad834d4562d4309a87ad2e289') in 0.008037 seconds
  Import took 0.010380 seconds .

========================================================================
Received Import Request.
  Time since last request: 0.624971 seconds.
  path: Assets/Fantasy Forest Environment Free Sample/Meshes/Prefabs
  artifactKey: Guid(9c7916be32b4831459e123e056137170) Importer(815301076,1909f56bfc062723c751e8b465ee728b)
Start importing Assets/Fantasy Forest Environment Free Sample/Meshes/Prefabs using Guid(9c7916be32b4831459e123e056137170) Importer(815301076,1909f56bfc062723c751e8b465ee728b)  -> (artifact id: '0fb61a3f63cd22c3428f0aad1f1a619f') in 0.009689 seconds
  Import took 0.012186 seconds .

========================================================================
Received Import Request.
  Time since last request: 0.038437 seconds.
  path: Assets/Fantasy Forest Environment Free Sample/Meshes/Prefabs/grass01.prefab
  artifactKey: Guid(b48086d9f175aa34b947a21c8056c3d2) Importer(815301076,1909f56bfc062723c751e8b465ee728b)
Start importing Assets/Fantasy Forest Environment Free Sample/Meshes/Prefabs/grass01.prefab using Guid(b48086d9f175aa34b947a21c8056c3d2) Importer(815301076,1909f56bfc062723c751e8b465ee728b)  -> (artifact id: '4648bfe4dcb84ff2ce69064e9b2a9c83') in 0.232619 seconds
  Import took 0.235890 seconds .

========================================================================
Received Import Request.
  Time since last request: 0.000365 seconds.
  path: Assets/Fantasy Forest Environment Free Sample/Meshes/Prefabs/tree_1.prefab
  artifactKey: Guid(eded051879df4c147b9010199d240258) Importer(815301076,1909f56bfc062723c751e8b465ee728b)
Start importing Assets/Fantasy Forest Environment Free Sample/Meshes/Prefabs/tree_1.prefab using Guid(eded051879df4c147b9010199d240258) Importer(815301076,1909f56bfc062723c751e8b465ee728b)  -> (artifact id: '29674dd24faedd43f75d7603e87ad13a') in 0.550944 seconds
  Import took 0.553369 seconds .

========================================================================
Received Prepare
Registering precompiled user dll's ...
Registered in 0.000652 seconds.
Begin MonoManager ReloadAssembly
Native extension for WindowsStandalone target not found
Refreshing native plugins compatible for Editor in 0.35 ms, found 0 plugins.
Preloading 0 native plugins for Editor in 0.00 ms.
Mono: successfully reloaded assembly
- Completed reload, in  1.151 seconds
Platform modules already initialized, skipping
Refreshing native plugins compatible for Editor in 0.27 ms, found 0 plugins.
Preloading 0 native plugins for Editor in 0.00 ms.
Unloading 1112 Unused Serialized files (Serialized files now loaded: 0)
System memory in use before: 63.7 MB.
System memory in use after: 63.8 MB.

Unloading 5 unused Assets to reduce memory usage. Loaded Objects now: 1626.
Total: 1.942100 ms (FindLiveObjects: 0.161000 ms CreateObjectMapping: 0.050300 ms MarkObjects: 1.596800 ms  DeleteObjects: 0.132900 ms)

========================================================================
Received Import Request.
  Time since last request: 1485.032258 seconds.
  path: Assets/Standard Assets
  artifactKey: Guid(c6195a43a0187a34e9c6be23520d3766) Importer(815301076,1909f56bfc062723c751e8b465ee728b)
Start importing Assets/Standard Assets using Guid(c6195a43a0187a34e9c6be23520d3766) Importer(815301076,1909f56bfc062723c751e8b465ee728b)  -> (artifact id: '1e70e8951a4fed5b8bf626a443b897ed') in 0.012342 seconds
  Import took 0.015454 seconds .

========================================================================
Received Import Request.
  Time since last request: 1.214343 seconds.
  path: Assets/Standard Assets/Fonts
  artifactKey: Guid(5d757120c2679c94f95bbb8c06341f10) Importer(815301076,1909f56bfc062723c751e8b465ee728b)
Start importing Assets/Standard Assets/Fonts using Guid(5d757120c2679c94f95bbb8c06341f10) Importer(815301076,1909f56bfc062723c751e8b465ee728b)  -> (artifact id: 'a5c7208c379176d130729eb76a0c6f0b') in 0.007369 seconds
  Import took 0.009881 seconds .

========================================================================
Received Import Request.
  Time since last request: 3.902996 seconds.
  path: Assets/Standard Assets/Effects
  artifactKey: Guid(115d1f9d9bd29064ab981e57c8fc8cdf) Importer(815301076,1909f56bfc062723c751e8b465ee728b)
Start importing Assets/Standard Assets/Effects using Guid(115d1f9d9bd29064ab981e57c8fc8cdf) Importer(815301076,1909f56bfc062723c751e8b465ee728b)  -> (artifact id: '87495c148bb7c737cda60d0995d1be0a') in 0.038056 seconds
  Import took 0.040321 seconds .

========================================================================
Received Import Request.
  Time since last request: 7.414215 seconds.
  path: Assets/Standard Assets/Utility
  artifactKey: Guid(4539eb30e895bbb41b5eae6df2dde978) Importer(815301076,1909f56bfc062723c751e8b465ee728b)
Start importing Assets/Standard Assets/Utility using Guid(4539eb30e895bbb41b5eae6df2dde978) Importer(815301076,1909f56bfc062723c751e8b465ee728b)  -> (artifact id: 'c8512875bfb3ce2329d0a86e522db9db') in 0.008078 seconds
  Import took 0.010699 seconds .

========================================================================
Received Import Request.
  Time since last request: 2.826841 seconds.
  path: Assets/Standard Assets/Utility/Prefabs
  artifactKey: Guid(b43a4ef15621158419a2b639f7a98245) Importer(815301076,1909f56bfc062723c751e8b465ee728b)
Start importing Assets/Standard Assets/Utility/Prefabs using Guid(b43a4ef15621158419a2b639f7a98245) Importer(815301076,1909f56bfc062723c751e8b465ee728b)  -> (artifact id: '7fec98d2d137ef1333c82f54969660ab') in 0.007341 seconds
  Import took 0.009956 seconds .

========================================================================
Received Import Request.
  Time since last request: 0.040390 seconds.
  path: Assets/Standard Assets/Utility/Prefabs/FramerateCounter.prefab
  artifactKey: Guid(81154777d5417884981849c5243f6c01) Importer(815301076,1909f56bfc062723c751e8b465ee728b)
Start importing Assets/Standard Assets/Utility/Prefabs/FramerateCounter.prefab using Guid(81154777d5417884981849c5243f6c01) Importer(815301076,1909f56bfc062723c751e8b465ee728b)  -> (artifact id: '1e3b8ea73609f29481b8716a7187aaea') in 0.046774 seconds
  Import took 0.049256 seconds .

========================================================================
Received Import Request.
  Time since last request: 3.798376 seconds.
  path: Assets/SampleScenes
  artifactKey: Guid(3d8829ac873af27488b1412b8db301ab) Importer(815301076,1909f56bfc062723c751e8b465ee728b)
Start importing Assets/SampleScenes using Guid(3d8829ac873af27488b1412b8db301ab) Importer(815301076,1909f56bfc062723c751e8b465ee728b)  -> (artifact id: '4e18b9c63153cb8f60bb6f3cc1ed4630') in 0.010098 seconds
  Import took 0.012322 seconds .

========================================================================
Received Import Request.
  Time since last request: 5.352755 seconds.
  path: Assets/Standard Assets/Environment/TerrainAssets/SurfaceTextures/SandAlbedo.psd
  artifactKey: Guid(bfd675cc0db1d4656b75dc6d6ba91142) Importer(815301076,1909f56bfc062723c751e8b465ee728b)
Start importing Assets/Standard Assets/Environment/TerrainAssets/SurfaceTextures/SandAlbedo.psd using Guid(bfd675cc0db1d4656b75dc6d6ba91142) Importer(815301076,1909f56bfc062723c751e8b465ee728b)  -> (artifact id: '1f5b45471a303e890ca6d3db08a363cb') in 0.041461 seconds
  Import took 0.043664 seconds .

========================================================================
Received Import Request.
  Time since last request: 5.838704 seconds.
  path: Assets/SampleScenes/Models/Materials/Asteroid.mat
  artifactKey: Guid(ace554b28b3c23448817bd8c63e751ff) Importer(815301076,1909f56bfc062723c751e8b465ee728b)
Start importing Assets/SampleScenes/Models/Materials/Asteroid.mat using Guid(ace554b28b3c23448817bd8c63e751ff) Importer(815301076,1909f56bfc062723c751e8b465ee728b)  -> (artifact id: '99a3ba5d59b080f0abfdc476c3c72bd4') in 0.075634 seconds
  Import took 0.078819 seconds .

========================================================================
Received Import Request.
  Time since last request: 0.000260 seconds.
  path: Assets/Standard Assets/Characters/FirstPersonCharacter/Audio/Footstep01.wav
  artifactKey: Guid(42e65e088b3f4374e851b8dbd38f3df9) Importer(815301076,1909f56bfc062723c751e8b465ee728b)
Start importing Assets/Standard Assets/Characters/FirstPersonCharacter/Audio/Footstep01.wav using Guid(42e65e088b3f4374e851b8dbd38f3df9) Importer(815301076,1909f56bfc062723c751e8b465ee728b)  -> (artifact id: 'cf8ca83ed369289e6e184a49966c3331') in 0.167563 seconds
  Import took 0.171037 seconds .

========================================================================
Received Import Request.
  Time since last request: 0.000357 seconds.
  path: Assets/SampleScenes/Prefabs/GoalPosts.prefab
  artifactKey: Guid(6df3f650b33fa604cb3f5923fa50d053) Importer(815301076,1909f56bfc062723c751e8b465ee728b)
Start importing Assets/SampleScenes/Prefabs/GoalPosts.prefab using Guid(6df3f650b33fa604cb3f5923fa50d053) Importer(815301076,1909f56bfc062723c751e8b465ee728b)  -> (artifact id: 'd8b6358dad80ea57f6b2f1c320bf8f65') in 0.029230 seconds
  Import took 0.031948 seconds .

========================================================================
Received Import Request.
  Time since last request: 0.000331 seconds.
  path: Assets/SampleScenes/AudioMixers/Car.mixer
  artifactKey: Guid(cc0bf72c5763743468b1ee3d764d3d04) Importer(815301076,1909f56bfc062723c751e8b465ee728b)
Start importing Assets/SampleScenes/AudioMixers/Car.mixer using Guid(cc0bf72c5763743468b1ee3d764d3d04) Importer(815301076,1909f56bfc062723c751e8b465ee728b)  -> (artifact id: 'eee25b5fac32fb3f1c097d560dd4e0e0') in 0.010441 seconds
  Import took 0.013607 seconds .

========================================================================
Received Import Request.
  Time since last request: 0.000331 seconds.
  path: Assets/Standard Assets/Effects/LightFlares/Textures/FlareStar.psd
  artifactKey: Guid(51dc82ef9d11c594d000e7c9e39e7c39) Importer(815301076,1909f56bfc062723c751e8b465ee728b)
Start importing Assets/Standard Assets/Effects/LightFlares/Textures/FlareStar.psd using Guid(51dc82ef9d11c594d000e7c9e39e7c39) Importer(815301076,1909f56bfc062723c751e8b465ee728b)  -> (artifact id: 'a3c751654f5b0ddaa33132541e09a6eb') in 0.016565 seconds
  Import took 0.019213 seconds .

========================================================================
Received Import Request.
  Time since last request: 0.000314 seconds.
  path: Assets/SampleScenes/Models/GoalPosts.fbx
  artifactKey: Guid(dbd33ca8053b5cb4790c6766343d4fb9) Importer(815301076,1909f56bfc062723c751e8b465ee728b)
Start importing Assets/SampleScenes/Models/GoalPosts.fbx using Guid(dbd33ca8053b5cb4790c6766343d4fb9) Importer(815301076,1909f56bfc062723c751e8b465ee728b)  -> (artifact id: '549b96ef69eab453d264cc147532f520') in 0.094702 seconds
  Import took 0.098341 seconds .

========================================================================
Received Import Request.
  Time since last request: 0.000263 seconds.
  path: Assets/Standard Assets/CrossPlatformInput/Sprites/ButtonThumbstickOverSprite.png
  artifactKey: Guid(5485e2f56028a3c4cb54f5caa167377e) Importer(815301076,1909f56bfc062723c751e8b465ee728b)
Start importing Assets/Standard Assets/CrossPlatformInput/Sprites/ButtonThumbstickOverSprite.png using Guid(5485e2f56028a3c4cb54f5caa167377e) Importer(815301076,1909f56bfc062723c751e8b465ee728b)  -> (artifact id: 'f4bc982025590877cc0bf548707cb1ae') in 0.037364 seconds
  Import took 0.039298 seconds .

========================================================================
Received Import Request.
  Time since last request: 0.000214 seconds.
  path: Assets/Standard Assets/ParticleSystems/Materials/ParticleSteam.mat
  artifactKey: Guid(60d4adad90a8b164abbb7d8ff5b4118a) Importer(815301076,1909f56bfc062723c751e8b465ee728b)
Start importing Assets/Standard Assets/ParticleSystems/Materials/ParticleSteam.mat using Guid(60d4adad90a8b164abbb7d8ff5b4118a) Importer(815301076,1909f56bfc062723c751e8b465ee728b)  -> (artifact id: '553b2dd4ee5c06dd23f35091b2315bf7') in 0.048685 seconds
  Import took 0.050639 seconds .

========================================================================
Received Import Request.
  Time since last request: 0.000203 seconds.
  path: Assets/Standard Assets/Characters/ThirdPersonCharacter/Animation/HumanoidStandTurn.fbx
  artifactKey: Guid(6fb3851da6a6f5948ab6892bee8ba920) Importer(815301076,1909f56bfc062723c751e8b465ee728b)
Start importing Assets/Standard Assets/Characters/ThirdPersonCharacter/Animation/HumanoidStandTurn.fbx using Guid(6fb3851da6a6f5948ab6892bee8ba920) Importer(815301076,1909f56bfc062723c751e8b465ee728b)  -> (artifact id: '6a9bde163e048c9891416a87df08f9f5') in 0.020422 seconds
  Import took 0.024311 seconds .

========================================================================
Received Import Request.
  Time since last request: 0.000325 seconds.
  path: Assets/SampleScenes/AudioMixers/PropellerPlane.mixer
  artifactKey: Guid(f166ed551f18240f99a161783914f623) Importer(815301076,1909f56bfc062723c751e8b465ee728b)
Start importing Assets/SampleScenes/AudioMixers/PropellerPlane.mixer using Guid(f166ed551f18240f99a161783914f623) Importer(815301076,1909f56bfc062723c751e8b465ee728b)  -> (artifact id: '1b12ee024a7d070950a4d507623eff9e') in 0.008640 seconds
  Import took 0.013541 seconds .

========================================================================
Received Import Request.
  Time since last request: 0.000393 seconds.
  path: Assets/Standard Assets/Effects/GlassRefraction/Textures/GlassStainedAlbedo.tif
  artifactKey: Guid(19555d7d9d114c7f1100f5ab44295342) Importer(815301076,1909f56bfc062723c751e8b465ee728b)
Start importing Assets/Standard Assets/Effects/GlassRefraction/Textures/GlassStainedAlbedo.tif using Guid(19555d7d9d114c7f1100f5ab44295342) Importer(815301076,1909f56bfc062723c751e8b465ee728b)  -> (artifact id: 'aed93ca191c699f351f0ee12d77463ae') in 0.035801 seconds
  Import took 0.038689 seconds .

========================================================================
Received Import Request.
  Time since last request: 0.000273 seconds.
  path: Assets/Standard Assets/ParticleSystems/Materials/ParticleDuststorm.mat
  artifactKey: Guid(7911795df27dd464190eed77dda90191) Importer(815301076,1909f56bfc062723c751e8b465ee728b)
Start importing Assets/Standard Assets/ParticleSystems/Materials/ParticleDuststorm.mat using Guid(7911795df27dd464190eed77dda90191) Importer(815301076,1909f56bfc062723c751e8b465ee728b)  -> (artifact id: '011db1603bfe9c3bb75af41d6574e77f') in 0.020366 seconds
  Import took 0.023067 seconds .

========================================================================
Received Import Request.
  Time since last request: 0.000287 seconds.
  path: Assets/Standard Assets/ParticleSystems/Materials/ParticleSteamMobile.mat
  artifactKey: Guid(ed1b89d39279f564ea077ad8e46f3595) Importer(815301076,1909f56bfc062723c751e8b465ee728b)
Start importing Assets/Standard Assets/ParticleSystems/Materials/ParticleSteamMobile.mat using Guid(ed1b89d39279f564ea077ad8e46f3595) Importer(815301076,1909f56bfc062723c751e8b465ee728b)  -> (artifact id: 'a30ec3e32cebaba342833b448b25e70f') in 0.051183 seconds
  Import took 0.054618 seconds .

========================================================================
Received Import Request.
  Time since last request: 0.000243 seconds.
  path: Assets/Standard Assets/Characters/FirstPersonCharacter/Audio/Footstep03.wav
  artifactKey: Guid(5a9383dda6cabc047b7a297602e93eb4) Importer(815301076,1909f56bfc062723c751e8b465ee728b)
Start importing Assets/Standard Assets/Characters/FirstPersonCharacter/Audio/Footstep03.wav using Guid(5a9383dda6cabc047b7a297602e93eb4) Importer(815301076,1909f56bfc062723c751e8b465ee728b)  -> (artifact id: 'b869db67984be1943aa62610da902b5e') in 0.015623 seconds
  Import took 0.018049 seconds .

========================================================================
Received Import Request.
  Time since last request: 0.000262 seconds.
  path: Assets/Standard Assets/Effects/GlassRefraction/Textures/GlassStainedNormals.tif
  artifactKey: Guid(4b8d081e9d114c7f1100f5ab44295342) Importer(815301076,1909f56bfc062723c751e8b465ee728b)
Start importing Assets/Standard Assets/Effects/GlassRefraction/Textures/GlassStainedNormals.tif using Guid(4b8d081e9d114c7f1100f5ab44295342) Importer(815301076,1909f56bfc062723c751e8b465ee728b)  -> (artifact id: '9c719ac4134726d6efd112edbe2d659e') in 0.014501 seconds
  Import took 0.017888 seconds .

========================================================================
Received Import Request.
  Time since last request: 0.000232 seconds.
  path: Assets/SampleScenes/AudioMixers/JetPlane.mixer
  artifactKey: Guid(e21d59315859b4f288500f0a7167ebe7) Importer(815301076,1909f56bfc062723c751e8b465ee728b)
Start importing Assets/SampleScenes/AudioMixers/JetPlane.mixer using Guid(e21d59315859b4f288500f0a7167ebe7) Importer(815301076,1909f56bfc062723c751e8b465ee728b)  -> (artifact id: '3d5b607178bc794366329100653277c2') in 0.010347 seconds
  Import took 0.013154 seconds .

========================================================================
Received Import Request.
  Time since last request: 0.000236 seconds.
  path: Assets/Standard Assets/CrossPlatformInput/Sprites/ButtonThumbstickUpSprite.png
  artifactKey: Guid(9866a92691696b346901281f2b329034) Importer(815301076,1909f56bfc062723c751e8b465ee728b)
Start importing Assets/Standard Assets/CrossPlatformInput/Sprites/ButtonThumbstickUpSprite.png using Guid(9866a92691696b346901281f2b329034) Importer(815301076,1909f56bfc062723c751e8b465ee728b)  -> (artifact id: '2e32c0a968da158dd463d568f55d2560') in 0.014798 seconds
  Import took 0.016767 seconds .

========================================================================
Received Import Request.
  Time since last request: 0.000451 seconds.
  path: Assets/Standard Assets/Characters/FirstPersonCharacter/Audio/Footstep02.wav
  artifactKey: Guid(8bc94ec6ed537e743b481638bdcd503d) Importer(815301076,1909f56bfc062723c751e8b465ee728b)
Start importing Assets/Standard Assets/Characters/FirstPersonCharacter/Audio/Footstep02.wav using Guid(8bc94ec6ed537e743b481638bdcd503d) Importer(815301076,1909f56bfc062723c751e8b465ee728b)  -> (artifact id: '80bdedfd03f07e79c6cc9c08116e70cd') in 0.016444 seconds
  Import took 0.018984 seconds .

========================================================================
Received Import Request.
  Time since last request: 0.000222 seconds.
  path: Assets/SampleScenes/Textures/FlyerAsteroidEmissive.tif
  artifactKey: Guid(a9a5231a693155f4f8ba0baa0e33af35) Importer(815301076,1909f56bfc062723c751e8b465ee728b)
Start importing Assets/SampleScenes/Textures/FlyerAsteroidEmissive.tif using Guid(a9a5231a693155f4f8ba0baa0e33af35) Importer(815301076,1909f56bfc062723c751e8b465ee728b)  -> (artifact id: '6aeca40e119269065ab877a74f497a7f') in 0.013799 seconds
  Import took 0.016009 seconds .

========================================================================
Received Import Request.
  Time since last request: 0.000281 seconds.
  path: Assets/SampleScenes/Models/GroundObstacles.FBX
  artifactKey: Guid(f57127cfcc32ab9419af130b6a9211fb) Importer(815301076,1909f56bfc062723c751e8b465ee728b)
Start importing Assets/SampleScenes/Models/GroundObstacles.FBX using Guid(f57127cfcc32ab9419af130b6a9211fb) Importer(815301076,1909f56bfc062723c751e8b465ee728b)  -> (artifact id: '300714a37e71f081f0696df08610d49e') in 0.163780 seconds
  Import took 0.166808 seconds .

========================================================================
Received Import Request.
  Time since last request: 0.000331 seconds.
  path: Assets/Standard Assets/ParticleSystems/Prefabs/DustStorm.prefab
  artifactKey: Guid(1f7aa4d40edff6e48b549003cad031e1) Importer(815301076,1909f56bfc062723c751e8b465ee728b)
Start importing Assets/Standard Assets/ParticleSystems/Prefabs/DustStorm.prefab using Guid(1f7aa4d40edff6e48b549003cad031e1) Importer(815301076,1909f56bfc062723c751e8b465ee728b)  -> (artifact id: 'dc7069190ae19e9a8156e6deb3db6ca6') in 0.023697 seconds
  Import took 0.026122 seconds .

========================================================================
Received Import Request.
  Time since last request: 0.000263 seconds.
  path: Assets/Standard Assets/Characters/FirstPersonCharacter/Audio/Footstep04.wav
  artifactKey: Guid(e9714160ce34f2b4ab63ff8c27bd68e1) Importer(815301076,1909f56bfc062723c751e8b465ee728b)
Start importing Assets/Standard Assets/Characters/FirstPersonCharacter/Audio/Footstep04.wav using Guid(e9714160ce34f2b4ab63ff8c27bd68e1) Importer(815301076,1909f56bfc062723c751e8b465ee728b)  -> (artifact id: 'f1a9259085a9598ff9fcc799801d51c8') in 0.019288 seconds
  Import took 0.021428 seconds .

========================================================================
Received Import Request.
  Time since last request: 0.000272 seconds.
  path: Assets/SampleScenes/Prefabs/GroundObstacles.prefab
  artifactKey: Guid(95bbe2885334e3c46b79c3419edb469c) Importer(815301076,1909f56bfc062723c751e8b465ee728b)
Start importing Assets/SampleScenes/Prefabs/GroundObstacles.prefab using Guid(95bbe2885334e3c46b79c3419edb469c) Importer(815301076,1909f56bfc062723c751e8b465ee728b)  -> (artifact id: 'c155269273371770596a4f24e8d0cdef') in 0.033048 seconds
  Import took 0.035129 seconds .

========================================================================
Received Import Request.
  Time since last request: 0.000180 seconds.
  path: Assets/Standard Assets/Environment/SpeedTree/Conifer/Conifer_Needles_Dekstop_Spec.tga
  artifactKey: Guid(897461e3c2fa9d84d8bd48bf1b00a950) Importer(815301076,1909f56bfc062723c751e8b465ee728b)
Start importing Assets/Standard Assets/Environment/SpeedTree/Conifer/Conifer_Needles_Dekstop_Spec.tga using Guid(897461e3c2fa9d84d8bd48bf1b00a950) Importer(815301076,1909f56bfc062723c751e8b465ee728b)  -> (artifact id: 'd87e343b416d97ebaa16dbd8db2f090b') in 0.012829 seconds
  Import took 0.015053 seconds .

========================================================================
Received Import Request.
  Time since last request: 0.000415 seconds.
  path: Assets/Standard Assets/ParticleSystems/Prefabs/DustStormMobile.prefab
  artifactKey: Guid(ed1c797ec3736704db03a0d64d010e33) Importer(815301076,1909f56bfc062723c751e8b465ee728b)
Start importing Assets/Standard Assets/ParticleSystems/Prefabs/DustStormMobile.prefab using Guid(ed1c797ec3736704db03a0d64d010e33) Importer(815301076,1909f56bfc062723c751e8b465ee728b)  -> (artifact id: '1947c444f42f0640824fb51bb1e71763') in 0.013339 seconds
  Import took 0.015828 seconds .

========================================================================
Received Import Request.
  Time since last request: 0.000316 seconds.
  path: Assets/Standard Assets/CrossPlatformInput/Prefabs/MobileSingleStickControl.prefab
  artifactKey: Guid(9529ecc3d479da5499993355e6c2cb4f) Importer(815301076,1909f56bfc062723c751e8b465ee728b)
Start importing Assets/Standard Assets/CrossPlatformInput/Prefabs/MobileSingleStickControl.prefab using Guid(9529ecc3d479da5499993355e6c2cb4f) Importer(815301076,1909f56bfc062723c751e8b465ee728b)  -> (artifact id: 'd8bcd3915e35b8b462e05210e6d6bad3') in 0.023033 seconds
  Import took 0.025368 seconds .

========================================================================
Received Import Request.
  Time since last request: 0.000373 seconds.
  path: Assets/SampleScenes/Menu/Prefabs/EventSystem.prefab
  artifactKey: Guid(af6c1d82d375aa54c81180d14d62761e) Importer(815301076,1909f56bfc062723c751e8b465ee728b)
Start importing Assets/SampleScenes/Menu/Prefabs/EventSystem.prefab using Guid(af6c1d82d375aa54c81180d14d62761e) Importer(815301076,1909f56bfc062723c751e8b465ee728b)  -> (artifact id: '7b3e4b0a4cb8fa578d237539041cb5de') in 0.013806 seconds
  Import took 0.016816 seconds .

========================================================================
Received Import Request.
  Time since last request: 9.399036 seconds.
  path: Assets/Standard Assets/ParticleSystems/Prefabs/DustStorm.prefab
  artifactKey: Guid(1f7aa4d40edff6e48b549003cad031e1) Importer(815301076,1909f56bfc062723c751e8b465ee728b)
Start importing Assets/Standard Assets/ParticleSystems/Prefabs/DustStorm.prefab using Guid(1f7aa4d40edff6e48b549003cad031e1) Importer(815301076,1909f56bfc062723c751e8b465ee728b)  -> (artifact id: '82de1649c325ff277f6b7bb898d4d8d3') in 0.005299 seconds
  Import took 0.008384 seconds .

========================================================================
Received Import Request.
  Time since last request: 0.001720 seconds.
  path: Assets/Standard Assets/ParticleSystems/Prefabs/DustStorm.prefab
  artifactKey: Guid(1f7aa4d40edff6e48b549003cad031e1) Importer(815301076,1909f56bfc062723c751e8b465ee728b)
Start importing Assets/Standard Assets/ParticleSystems/Prefabs/DustStorm.prefab using Guid(1f7aa4d40edff6e48b549003cad031e1) Importer(815301076,1909f56bfc062723c751e8b465ee728b)  -> (artifact id: '82de1649c325ff277f6b7bb898d4d8d3') in 0.005398 seconds
  Import took 0.009264 seconds .

========================================================================
Received Import Request.
  Time since last request: 3.451695 seconds.
  path: Assets/Standard Assets/ParticleSystems/Prefabs/Afterburner.prefab
  artifactKey: Guid(d8c41be67f41aa545ae053b0b927f821) Importer(815301076,1909f56bfc062723c751e8b465ee728b)
Start importing Assets/Standard Assets/ParticleSystems/Prefabs/Afterburner.prefab using Guid(d8c41be67f41aa545ae053b0b927f821) Importer(815301076,1909f56bfc062723c751e8b465ee728b)  -> (artifact id: '17c61b80228558a4d6b0fac22ab6a75b') in 0.010987 seconds
  Import took 0.014202 seconds .

========================================================================
Received Import Request.
  Time since last request: 0.000340 seconds.
  path: Assets/Standard Assets/ParticleSystems/Prefabs/FlareMobile.prefab
  artifactKey: Guid(ccbcfc705a39717429590a9f247ec30a) Importer(815301076,1909f56bfc062723c751e8b465ee728b)
Start importing Assets/Standard Assets/ParticleSystems/Prefabs/FlareMobile.prefab using Guid(ccbcfc705a39717429590a9f247ec30a) Importer(815301076,1909f56bfc062723c751e8b465ee728b)  -> (artifact id: '3796bb7cdad4135e17859764a4de75c3') in 0.012073 seconds
  Import took 0.014983 seconds .

========================================================================
Received Import Request.
  Time since last request: 0.000269 seconds.
  path: Assets/Standard Assets/ParticleSystems/Prefabs/Explosion.prefab
  artifactKey: Guid(031d08f52af1daa4f929b85221519426) Importer(815301076,1909f56bfc062723c751e8b465ee728b)
Start importing Assets/Standard Assets/ParticleSystems/Prefabs/Explosion.prefab using Guid(031d08f52af1daa4f929b85221519426) Importer(815301076,1909f56bfc062723c751e8b465ee728b)  -> (artifact id: 'ddc27980f95c0ba114bf2af7a0c7d03e') in 0.011586 seconds
  Import took 0.014842 seconds .

========================================================================
Received Import Request.
  Time since last request: 0.000330 seconds.
  path: Assets/Standard Assets/ParticleSystems/Prefabs/Steam.prefab
  artifactKey: Guid(32aafb358d61bd14b9b27ed0871fe43b) Importer(815301076,1909f56bfc062723c751e8b465ee728b)
Start importing Assets/Standard Assets/ParticleSystems/Prefabs/Steam.prefab using Guid(32aafb358d61bd14b9b27ed0871fe43b) Importer(815301076,1909f56bfc062723c751e8b465ee728b)  -> (artifact id: '38f15ceca9c6b60cb953c2dca059cba2') in 0.013292 seconds
  Import took 0.016444 seconds .

========================================================================
Received Import Request.
  Time since last request: 0.000337 seconds.
  path: Assets/Standard Assets/ParticleSystems/Prefabs/FireComplex.prefab
  artifactKey: Guid(bf495eacf58e31146ab012aa89ac68da) Importer(815301076,1909f56bfc062723c751e8b465ee728b)
Start importing Assets/Standard Assets/ParticleSystems/Prefabs/FireComplex.prefab using Guid(bf495eacf58e31146ab012aa89ac68da) Importer(815301076,1909f56bfc062723c751e8b465ee728b)  -> (artifact id: '525cb2c81c4892eca4539299e3723b7f') in 0.140832 seconds
  Import took 0.143666 seconds .

========================================================================
Received Import Request.
  Time since last request: 0.000288 seconds.
  path: Assets/Standard Assets/ParticleSystems/Prefabs/TyreBurnoutSmoke.prefab
  artifactKey: Guid(98c58c8dd46640c49bb5f557afafea7c) Importer(815301076,1909f56bfc062723c751e8b465ee728b)
Start importing Assets/Standard Assets/ParticleSystems/Prefabs/TyreBurnoutSmoke.prefab using Guid(98c58c8dd46640c49bb5f557afafea7c) Importer(815301076,1909f56bfc062723c751e8b465ee728b)  -> (artifact id: '001ea8860f285d886dc8362a3f4f151e') in 0.011044 seconds
  Import took 0.013189 seconds .

========================================================================
Received Import Request.
  Time since last request: 0.000350 seconds.
  path: Assets/Standard Assets/ParticleSystems/Prefabs/Smoke.prefab
  artifactKey: Guid(921a3ff88856fe04ebc86b196fd8cc59) Importer(815301076,1909f56bfc062723c751e8b465ee728b)
Start importing Assets/Standard Assets/ParticleSystems/Prefabs/Smoke.prefab using Guid(921a3ff88856fe04ebc86b196fd8cc59) Importer(815301076,1909f56bfc062723c751e8b465ee728b)  -> (artifact id: 'a5ce30df7c884e208d48cede3db605ab') in 0.013129 seconds
  Import took 0.015837 seconds .

========================================================================
Received Import Request.
  Time since last request: 0.000203 seconds.
  path: Assets/Standard Assets/ParticleSystems/Prefabs/WildFire.prefab
  artifactKey: Guid(2c32987c2bc01844a94adfb917dd677d) Importer(815301076,1909f56bfc062723c751e8b465ee728b)
Start importing Assets/Standard Assets/ParticleSystems/Prefabs/WildFire.prefab using Guid(2c32987c2bc01844a94adfb917dd677d) Importer(815301076,1909f56bfc062723c751e8b465ee728b)  -> (artifact id: '738cb51d0f7437bbbecd39490750589c') in 0.021779 seconds
  Import took 0.024974 seconds .

========================================================================
Received Import Request.
  Time since last request: 0.000329 seconds.
  path: Assets/Standard Assets/ParticleSystems/Prefabs/ExplosionMobile.prefab
  artifactKey: Guid(645413a00f7bd0242bbd6d0e5eb6f439) Importer(815301076,1909f56bfc062723c751e8b465ee728b)
Start importing Assets/Standard Assets/ParticleSystems/Prefabs/ExplosionMobile.prefab using Guid(645413a00f7bd0242bbd6d0e5eb6f439) Importer(815301076,1909f56bfc062723c751e8b465ee728b)  -> (artifact id: '22ee9d9c2a413807e18e6017a785b13d') in 0.012137 seconds
  Import took 0.015440 seconds .

========================================================================
Received Import Request.
  Time since last request: 0.000221 seconds.
  path: Assets/Standard Assets/ParticleSystems/Prefabs/Flare.prefab
  artifactKey: Guid(0438351a6e6422d43a09930e9be00ee9) Importer(815301076,1909f56bfc062723c751e8b465ee728b)
Start importing Assets/Standard Assets/ParticleSystems/Prefabs/Flare.prefab using Guid(0438351a6e6422d43a09930e9be00ee9) Importer(815301076,1909f56bfc062723c751e8b465ee728b)  -> (artifact id: '15091f0acf427817b199981070fa91d3') in 0.011094 seconds
  Import took 0.013685 seconds .

========================================================================
Received Import Request.
  Time since last request: 0.000269 seconds.
  path: Assets/Standard Assets/ParticleSystems/Prefabs/HoseMobile.prefab
  artifactKey: Guid(4dbf077105ba797428d118320f2a10aa) Importer(815301076,1909f56bfc062723c751e8b465ee728b)
Start importing Assets/Standard Assets/ParticleSystems/Prefabs/HoseMobile.prefab using Guid(4dbf077105ba797428d118320f2a10aa) Importer(815301076,1909f56bfc062723c751e8b465ee728b)  -> (artifact id: '422ec5b80943b056b4ae6b3bd85758be') in 0.013618 seconds
  Import took 0.017025 seconds .

========================================================================
Received Import Request.
  Time since last request: 0.000308 seconds.
  path: Assets/Standard Assets/ParticleSystems/Prefabs/Fireworks.prefab
  artifactKey: Guid(180149b1a35449044a27b451e816d2de) Importer(815301076,1909f56bfc062723c751e8b465ee728b)
Start importing Assets/Standard Assets/ParticleSystems/Prefabs/Fireworks.prefab using Guid(180149b1a35449044a27b451e816d2de) Importer(815301076,1909f56bfc062723c751e8b465ee728b)  -> (artifact id: '097c1047dcdd8ba64896c6ff660c5758') in 0.015341 seconds
  Import took 0.019041 seconds .

========================================================================
Received Import Request.
  Time since last request: 0.000261 seconds.
  path: Assets/Standard Assets/ParticleSystems/Prefabs/FireMobile.prefab
  artifactKey: Guid(b99a0a5998b2736429fd2a2fd1d01c5e) Importer(815301076,1909f56bfc062723c751e8b465ee728b)
Start importing Assets/Standard Assets/ParticleSystems/Prefabs/FireMobile.prefab using Guid(b99a0a5998b2736429fd2a2fd1d01c5e) Importer(815301076,1909f56bfc062723c751e8b465ee728b)  -> (artifact id: '9f627616be00714c9fcbf510e1203126') in 0.020364 seconds
  Import took 0.023536 seconds .

========================================================================
Received Import Request.
  Time since last request: 0.000301 seconds.
  path: Assets/Standard Assets/ParticleSystems/Prefabs/Hose.prefab
  artifactKey: Guid(fae5d333f43a55744ab0c44fecefdcae) Importer(815301076,1909f56bfc062723c751e8b465ee728b)
Start importing Assets/Standard Assets/ParticleSystems/Prefabs/Hose.prefab using Guid(fae5d333f43a55744ab0c44fecefdcae) Importer(815301076,1909f56bfc062723c751e8b465ee728b)  -> (artifact id: '4844175691e33b7f596ec64cc6fa2802') in 0.012372 seconds
  Import took 0.015049 seconds .

========================================================================
Received Import Request.
  Time since last request: 0.000239 seconds.
  path: Assets/Standard Assets/ParticleSystems/Prefabs/SteamMobile.prefab
  artifactKey: Guid(b6fecef6c92b67147b638a07ef91195b) Importer(815301076,1909f56bfc062723c751e8b465ee728b)
Start importing Assets/Standard Assets/ParticleSystems/Prefabs/SteamMobile.prefab using Guid(b6fecef6c92b67147b638a07ef91195b) Importer(815301076,1909f56bfc062723c751e8b465ee728b)  -> (artifact id: '5ac480d348b730c21afd6887871a31fc') in 0.009484 seconds
  Import took 0.014364 seconds .

========================================================================
Received Import Request.
  Time since last request: 0.069612 seconds.
  path: Assets/Standard Assets/Vehicles/Car/Models/SkyCar.fbx
  artifactKey: Guid(e6fec471c20b9d148b1f87910e67bea4) Importer(815301076,1909f56bfc062723c751e8b465ee728b)
Start importing Assets/Standard Assets/Vehicles/Car/Models/SkyCar.fbx using Guid(e6fec471c20b9d148b1f87910e67bea4) Importer(815301076,1909f56bfc062723c751e8b465ee728b)  -> (artifact id: 'b7c22f7b68171a14e4c5a83705573127') in 0.645278 seconds
  Import took 0.647675 seconds .

========================================================================
Received Import Request.
  Time since last request: 0.000287 seconds.
  path: Assets/Standard Assets/Effects/LightFlares/Flares/Sun.flare
  artifactKey: Guid(09ebe82dbd1113c3d000dc0b8d76c639) Importer(815301076,1909f56bfc062723c751e8b465ee728b)
Start importing Assets/Standard Assets/Effects/LightFlares/Flares/Sun.flare using Guid(09ebe82dbd1113c3d000dc0b8d76c639) Importer(815301076,1909f56bfc062723c751e8b465ee728b)  -> (artifact id: '1ddaa466ae258856a32f5906868a2bce') in 0.012000 seconds
  Import took 0.015462 seconds .

